<?xml version="1.0" encoding="UTF-8"?>
<!-- Generated by org.testng.reporters.JUnitReportReporter -->
<testsuite hostname="DESKTOP-V8Q09RC" failures="0" tests="6" name="org.web.Data" time="0.046" errors="0" timestamp="2025-05-20T18:39:33 IST" skipped="0">
  <testcase classname="org.web.Data" name="meth3" time="0.000"/>
  <testcase classname="org.web.Data" name="meth2" time="0.000"/>
  <testcase classname="org.web.Data" name="meth2" time="0.000"/>
  <testcase classname="org.web.Data" name="meth1" time="0.015"/>
  <testcase classname="org.web.Data" name="meth2" time="0.000"/>
  <testcase classname="org.web.Data" name="meth2" time="0.031"/>
</testsuite> <!-- org.web.Data -->
