<?xml version="1.0" encoding="UTF-8"?>
<!-- Generated by org.testng.reporters.JUnitReportReporter -->
<testsuite hostname="DESKTOP-V8Q09RC" failures="0" tests="6" name="org.web.Exectution1" time="0.205" errors="0" timestamp="2025-05-21T15:19:13 IST" skipped="0">
  <testcase classname="org.web.Exectution1" name="meth3" time="0.070"/>
  <testcase classname="org.web.Exectution1" name="meth2" time="0.003"/>
  <testcase classname="org.web.Exectution1" name="meth2" time="0.033"/>
  <testcase classname="org.web.Exectution1" name="meth2" time="0.012"/>
  <testcase classname="org.web.Exectution1" name="meth1" time="0.059"/>
  <testcase classname="org.web.Exectution1" name="meth2" time="0.028"/>
</testsuite> <!-- org.web.Exectution1 -->
