<?xml version="1.0" encoding="UTF-8"?>
<!-- Generated by org.testng.reporters.JUnitReportReporter -->
<testsuite hostname="DESKTOP-V8Q09RC" failures="0" tests="6" name="org.web.Execution2" time="0.100" errors="0" timestamp="2025-05-21T15:19:13 IST" skipped="0">
  <testcase classname="org.web.Execution2" name="meth3" time="0.026"/>
  <testcase classname="org.web.Execution2" name="meth2" time="0.006"/>
  <testcase classname="org.web.Execution2" name="meth2" time="0.005"/>
  <testcase classname="org.web.Execution2" name="meth2" time="0.003"/>
  <testcase classname="org.web.Execution2" name="meth2" time="0.005"/>
  <testcase classname="org.web.Execution2" name="meth1" time="0.055"/>
</testsuite> <!-- org.web.Execution2 -->
